<?xml version="1.0" encoding="UTF-8" ?>
<testsuite name="cxxtest" date="Mon Dec 15 11:09:31 2014" tests="1" errors="0" failures="0" time="0" >
    <testcase classname="CMultilineReadTest" name="test_Unit_Test_1" line="15">
        <warning line="16" >Test skipping is not supported without exception handling.</warning>
    </testcase>
</testsuite>
